{"/home/josiane/dev/grunt-angular-phonegap/tasks/grunt-angular-phonegap.js":{"path":"/home/josiane/dev/grunt-angular-phonegap/tasks/grunt-angular-phonegap.js","s":{"1":1,"2":1,"3":1,"4":1,"5":1,"6":2,"7":2,"8":2,"9":2,"10":2,"11":2,"12":0,"13":0,"14":0,"15":2,"16":0,"17":0,"18":0,"19":2,"20":0,"21":0,"22":0},"b":{"1":[0,0],"2":[0,0],"3":[0,0]},"f":{"1":1,"2":2,"3":0,"4":0,"5":0},"fnMap":{"1":{"name":"(anonymous_1)","line":1,"loc":{"start":{"line":1,"column":1},"end":{"line":1,"column":12}}},"2":{"name":"(anonymous_2)","line":8,"loc":{"start":{"line":8,"column":19},"end":{"line":8,"column":35}}},"3":{"name":"(anonymous_3)","line":19,"loc":{"start":{"line":19,"column":114},"end":{"line":19,"column":131}}},"4":{"name":"(anonymous_4)","line":25,"loc":{"start":{"line":25,"column":75},"end":{"line":25,"column":92}}},"5":{"name":"(anonymous_5)","line":31,"loc":{"start":{"line":31,"column":82},"end":{"line":31,"column":99}}}},"statementMap":{"1":{"start":{"line":1,"column":0},"end":{"line":39,"column":14}},"2":{"start":{"line":2,"column":2},"end":{"line":2,"column":14}},"3":{"start":{"line":4,"column":2},"end":{"line":4,"column":36}},"4":{"start":{"line":6,"column":2},"end":{"line":6,"column":43}},"5":{"start":{"line":8,"column":2},"end":{"line":37,"column":4}},"6":{"start":{"line":9,"column":4},"end":{"line":9,"column":35}},"7":{"start":{"line":10,"column":4},"end":{"line":10,"column":39}},"8":{"start":{"line":11,"column":4},"end":{"line":11,"column":52}},"9":{"start":{"line":12,"column":4},"end":{"line":12,"column":142}},"10":{"start":{"line":13,"column":4},"end":{"line":18,"column":7}},"11":{"start":{"line":19,"column":4},"end":{"line":24,"column":7}},"12":{"start":{"line":20,"column":6},"end":{"line":22,"column":7}},"13":{"start":{"line":21,"column":8},"end":{"line":21,"column":27}},"14":{"start":{"line":23,"column":6},"end":{"line":23,"column":107}},"15":{"start":{"line":25,"column":4},"end":{"line":30,"column":7}},"16":{"start":{"line":26,"column":6},"end":{"line":28,"column":7}},"17":{"start":{"line":27,"column":8},"end":{"line":27,"column":27}},"18":{"start":{"line":29,"column":6},"end":{"line":29,"column":57}},"19":{"start":{"line":31,"column":4},"end":{"line":36,"column":7}},"20":{"start":{"line":32,"column":6},"end":{"line":34,"column":7}},"21":{"start":{"line":33,"column":8},"end":{"line":33,"column":27}},"22":{"start":{"line":35,"column":6},"end":{"line":35,"column":87}}},"branchMap":{"1":{"line":20,"type":"if","locations":[{"start":{"line":20,"column":6},"end":{"line":20,"column":6}},{"start":{"line":20,"column":6},"end":{"line":20,"column":6}}]},"2":{"line":26,"type":"if","locations":[{"start":{"line":26,"column":6},"end":{"line":26,"column":6}},{"start":{"line":26,"column":6},"end":{"line":26,"column":6}}]},"3":{"line":32,"type":"if","locations":[{"start":{"line":32,"column":6},"end":{"line":32,"column":6}},{"start":{"line":32,"column":6},"end":{"line":32,"column":6}}]}}}}