TN:
SF:/home/josiane/dev/grunt-angular-phonegap/tasks/grunt-angular-phonegap.js
FN:1,(anonymous_1)
FN:8,(anonymous_2)
FN:19,(anonymous_3)
FN:25,(anonymous_4)
FN:31,(anonymous_5)
FNF:5
FNH:2
FNDA:1,(anonymous_1)
FNDA:2,(anonymous_2)
FNDA:0,(anonymous_3)
FNDA:0,(anonymous_4)
FNDA:0,(anonymous_5)
DA:1,1
DA:2,1
DA:4,1
DA:6,1
DA:8,1
DA:9,2
DA:10,2
DA:11,2
DA:12,2
DA:13,2
DA:19,2
DA:20,0
DA:21,0
DA:23,0
DA:25,2
DA:26,0
DA:27,0
DA:29,0
DA:31,2
DA:32,0
DA:33,0
DA:35,0
LF:22
LH:13
BRDA:20,1,0,0
BRDA:20,1,1,0
BRDA:26,2,0,0
BRDA:26,2,1,0
BRDA:32,3,0,0
BRDA:32,3,1,0
BRF:6
BRH:0
end_of_record
